<?xml version="1.0" encoding="UTF-8"?>
<testsuite xmlns:xsi="http://www.w3.org/2001/XMLSchema-instance" xsi:noNamespaceSchemaLocation="https://maven.apache.org/surefire/maven-surefire-plugin/xsd/surefire-test-report.xsd" name="poe.AppTest" time="2.095" tests="11" errors="0" skipped="0" failures="0">
  <properties>
[...]
</properties>
  <testcase name="testUsernameInvalid" classname="poe.AppTest" time="0.169"/>
  <testcase name="testPasswordValid" classname="poe.AppTest" time="0.001"/>
  <testcase name="testCellPhoneInvalid" classname="poe.AppTest" time="0.002"/>
  <testcase name="testUsernameValid" classname="poe.AppTest" time="0.002"/>
  <testcase name="testRegisterUserInvalidUsername" classname="poe.AppTest" time="0.029"/>
  <testcase name="testLoginUserSuccess" classname="poe.AppTest" time="0.002"/>
  <testcase name="testRegisterUserSuccess" classname="poe.AppTest" time="0.002"/>
  <testcase name="testLoginErrorMessage" classname="poe.AppTest" time="0.001"/>
  <testcase name="testPasswordInvalid" classname="poe.AppTest" time="0.001"/>
  <testcase name="testLoginUserFail" classname="poe.AppTest" time="0.021"/>
  <testcase name="testCellPhoneValid" classname="poe.AppTest" time="0.008"/>
</testsuite>